<?xml version="1.0" encoding="UTF-8"?>
<!-- Generated by org.testng.reporters.JUnitReportReporter -->
<testsuite hostname="PUN-LAP-DANGAT" failures="0" tests="17" name="TestPractice.PracticeAutomationTest" time="225.113" errors="0" timestamp="2025-03-17T09:40:39 IST" skipped="0">
  <testcase classname="TestPractice.PracticeAutomationTest" name="home_Page_with_three_Sliders_only" time="8.279"/>
  <testcase classname="TestPractice.PracticeAutomationTest" name="home_page_with_three_Arrivals_only" time="6.955"/>
  <testcase classname="TestPractice.PracticeAutomationTest" name="home_page_Images_in_Arrivals_should_navigate" time="9.171"/>
  <testcase classname="TestPractice.PracticeAutomationTest" name="home_page_Arrivals_Images_Description" time="8.523"/>
  <testcase classname="TestPractice.PracticeAutomationTest" name="home_page_Arrivals_Images_Reviews" time="9.613"/>
  <testcase classname="TestPractice.PracticeAutomationTest" name="homepage_Arrivals_Images_Add_to_Basket" time="13.736"/>
  <testcase classname="TestPractice.PracticeAutomationTest" name="home_Arrivals_Add_to_Basket_Items" time="15.621"/>
  <testcase classname="TestPractice.PracticeAutomationTest" name="home_Arrivals_Add_to_Basket_Items_Coupon" time="14.906"/>
  <testcase classname="TestPractice.PracticeAutomationTest" name="home_Arrivals_Add_to_Basket_Items_Coupon_value_less_than_450" time="14.810"/>
  <testcase classname="TestPractice.PracticeAutomationTest" name="home_Arrivals_Add_to_Basket_Items_Remove_book" time="12.703"/>
  <testcase classname="TestPractice.PracticeAutomationTest" name="home_Arrivals_Add_to_Basket_Items_Add_book" time="12.450"/>
  <testcase classname="TestPractice.PracticeAutomationTest" name="home_Arrivals_Add_to_Basket_Items_Check_out_Book_Final_price" time="10.651"/>
  <testcase classname="TestPractice.PracticeAutomationTest" name="home_Arrivals_Add_to_Basket_Items_Check_out_Update_Basket" time="12.230"/>
  <testcase classname="TestPractice.PracticeAutomationTest" name="home_Arrivals_Add_to_Basket_Items_Check_out_Total_and_Sub_total_condition" time="12.318"/>
  <testcase classname="TestPractice.PracticeAutomationTest" name="home_Arrivals_Add_to_Basket_Items_Check_out_functionality" time="14.071"/>
  <testcase classname="TestPractice.PracticeAutomationTest" name="home_Arrivals_Add_to_Basket_Items_Check_out_Payment_Gateway" time="15.866"/>
  <testcase classname="TestPractice.PracticeAutomationTest" name="home_Arrivals_Add_to_Basket_Items_Check_out_Payment_Gateway_Place_order" time="33.210"/>
</testsuite> <!-- TestPractice.PracticeAutomationTest -->
